<?xml version="1.0" encoding="UTF-8"?>
<testsuite name="RectangleTest" tests="2" skipped="0" failures="0" errors="0" timestamp="2021-05-10T06:56:53" hostname="Devas-MacBook-Pro.local" time="0.029">
  <properties/>
  <testcase name="shouldReturnPositiveValueWhenBothPositive()" classname="RectangleTest" time="0.026"/>
  <testcase name="shouldReturnOneWhenWidthAndHeightEqualsToOne()" classname="RectangleTest" time="0.002"/>
  <system-out><![CDATA[]]></system-out>
  <system-err><![CDATA[]]></system-err>
</testsuite>
