<?xml version="1.0" encoding="UTF-8"?>
<testsuite name="RectangleTest" tests="1" skipped="0" failures="0" errors="0" timestamp="2021-05-10T04:19:27" hostname="Devas-MacBook-Pro.local" time="0.018">
  <properties/>
  <testcase name="shouldReturnOneWhenWidthAndHeightEqualToOne()" classname="RectangleTest" time="0.018"/>
  <system-out><![CDATA[]]></system-out>
  <system-err><![CDATA[]]></system-err>
</testsuite>
